This is pdfTeX, Version 3.141592653-2.6-1.40.25 (TeX Live 2023/Debian) (preloaded format=pdflatex 2025.6.20)  3 SEP 2025 19:06
entering extended mode
 restricted \write18 enabled.
 %&-line parsing enabled.
**revisao_sistematica.tex
(./revisao_sistematica.tex
LaTeX2e <2023-11-01> patch level 1
L3 programming layer <2024-01-22>
(/usr/share/texlive/texmf-dist/tex/latex/base/article.cls
Document Class: article 2023/05/17 v1.4n Standard LaTeX document class
(/usr/share/texlive/texmf-dist/tex/latex/base/size12.clo
File: size12.clo 2023/05/17 v1.4n Standard LaTeX file (size option)
)
\c@part=\count187
\c@section=\count188
\c@subsection=\count189
\c@subsubsection=\count190
\c@paragraph=\count191
\c@subparagraph=\count192
\c@figure=\count193
\c@table=\count194
\abovecaptionskip=\skip48
\belowcaptionskip=\skip49
\bibindent=\dimen140
)
! Undefined control sequence.
<recently read> \n 
                   
l.1 \documentclass[12pt,a4paper]{article}\n
                                           \usepackage[utf8]{inputenc}\n\use...

? 
! Emergency stop.
<recently read> \n 
                   
l.1 \documentclass[12pt,a4paper]{article}\n
                                           \usepackage[utf8]{inputenc}\n\use...
End of file on the terminal!

 
Here is how much of TeX's memory you used:
 226 strings out of 474222
 2834 string characters out of 5748733
 1922975 words of memory out of 5000000
 22571 multiletter control sequences out of 15000+600000
 558367 words of font info for 37 fonts, out of 8000000 for 9000
 1141 hyphenation exceptions out of 8191
 35i,0n,38p,42074b,36s stack positions out of 10000i,1000n,20000p,200000b,200000s
!  ==> Fatal error occurred, no output PDF file produced!
